<?xml version="1.0" encoding="UTF-8"?>
<!-- Generated by org.testng.reporters.JUnitXMLReporter -->
<testsuite hostname="Eliza-98" ignored="2" name="Surefire test" tests="1" failures="0" timestamp="27 oct 2018 15:04:04 GMT" time="0.155" errors="0">
  <testcase name="@BeforeTest abrirNavegador" time="0.0" classname="common.BaseTest">
    <failure type="org.testng.TestNGException" message="
Parameter &amp;apos;browser&amp;apos; is required by BeforeTest on method abrirNavegador but has not been marked @Optional or defined
">
      <![CDATA[org.testng.TestNGException: 
Parameter 'browser' is required by BeforeTest on method abrirNavegador but has not been marked @Optional or defined

... Removed 26 stack frames]]>
    </failure>
  </testcase> <!-- @BeforeTest abrirNavegador -->
  <testcase name="@AfterTest cerrarNavegador" time="0.0" classname="common.BaseTest">
    <skipped/>
  </testcase> <!-- @AfterTest cerrarNavegador -->
  <testcase name="ingresarSahiThrow" time="0.0" classname="test.MyTest">
    <skipped/>
  </testcase> <!-- ingresarSahiThrow -->
  <testcase name="@BeforeTest abrirNavegador" time="0.0" classname="common.BaseTest">
    <ignored/>
  </testcase> <!-- @BeforeTest abrirNavegador -->
  <testcase name="@AfterTest cerrarNavegador" time="0.0" classname="common.BaseTest">
    <ignored/>
  </testcase> <!-- @AfterTest cerrarNavegador -->
</testsuite> <!-- Surefire test -->
