<?xml version="1.0" encoding="UTF-8"?>
<!-- Generated by org.testng.reporters.JUnitXMLReporter -->
<testsuite hostname="Eliza-98" ignored="0" name="Mi primer test" tests="1" failures="1" timestamp="27 oct 2018 15:06:31 GMT" time="12.463" errors="0">
  <testcase name="ingresarSahiThrow" time="4.783" classname="test.MyTest">
    <failure type="org.openqa.selenium.NoSuchElementException" message="No estaba disponible el elemento linkTestInCorrecto
For documentation on this error, please visit: http://seleniumhq.org/exceptions/no_such_element.html
Build info: version: &amp;apos;3.14.0&amp;apos;, revision: &amp;apos;aacccce0&amp;apos;, time: &amp;apos;2018-08-02T20:19:58.91Z&amp;apos;
System info: host: &amp;apos;ELIZA-98&amp;apos;, ip: &amp;apos;172.30.4.205&amp;apos;, os.name: &amp;apos;Windows 10&amp;apos;, os.arch: &amp;apos;amd64&amp;apos;, os.version: &amp;apos;10.0&amp;apos;, java.version: &amp;apos;1.8.0_161&amp;apos;
Driver info: driver.version: unknown">
      <![CDATA[org.openqa.selenium.NoSuchElementException: No estaba disponible el elemento linkTestInCorrecto
For documentation on this error, please visit: http://seleniumhq.org/exceptions/no_such_element.html
Build info: version: '3.14.0', revision: 'aacccce0', time: '2018-08-02T20:19:58.91Z'
System info: host: 'ELIZA-98', ip: '172.30.4.205', os.name: 'Windows 10', os.arch: 'amd64', os.version: '10.0', java.version: '1.8.0_161'
Driver info: driver.version: unknown
at test.MyTest.ingresarSahiThrow(MyTest.java:33)
... Removed 25 stack frames]]>
    </failure>
  </testcase> <!-- ingresarSahiThrow -->
</testsuite> <!-- Mi primer test -->
